\BOOKMARK [0][]{chapter.1}{1 Introduzione ai Paradigmi di Programmazione}{}% 1
\BOOKMARK [1][-]{section.1.1}{1.1 Paradigma Imperativo}{chapter.1}% 2
\BOOKMARK [1][-]{section.1.2}{1.2 Paradigma Logico}{chapter.1}% 3
\BOOKMARK [1][-]{section.1.3}{1.3 Paradigma Funzionale}{chapter.1}% 4
\BOOKMARK [1][-]{section.1.4}{1.4 Richiami sugli ambienti RunTime}{chapter.1}% 5
\BOOKMARK [0][]{chapter.2}{2 Logica}{}% 6
\BOOKMARK [1][-]{section.2.1}{2.1 Logica Proporzionale}{chapter.2}% 7
\BOOKMARK [1][-]{section.2.2}{2.2 Logica del primo ordine}{chapter.2}% 8
\BOOKMARK [0][]{chapter.3}{3 Programming in Logic}{}% 9
\BOOKMARK [1][-]{section.3.1}{3.1 Principio di Risoluzione}{chapter.3}% 10
\BOOKMARK [1][-]{section.3.2}{3.2 Principio di Unificazione}{chapter.3}% 11
\BOOKMARK [2][-]{subsection.3.2.1}{3.2.1 Risoluzione ad Input Lineare \(SLD\)}{section.3.2}% 12
\BOOKMARK [2][-]{subsection.3.2.2}{3.2.2 Cut e Backtracking}{section.3.2}% 13
\BOOKMARK [1][-]{section.3.3}{3.3 Strutture Dati ed ambiente Prolog}{chapter.3}% 14
\BOOKMARK [1][-]{section.3.4}{3.4 Caratteristiche particolari del sistema Prolog}{chapter.3}% 15
\BOOKMARK [2][-]{subsection.3.4.1}{3.4.1 Aritmetica in Prolog}{section.3.4}% 16
\BOOKMARK [2][-]{subsection.3.4.2}{3.4.2 Predicati Meta-Logici}{section.3.4}% 17
\BOOKMARK [2][-]{subsection.3.4.3}{3.4.3 Programmazione di ordine superiore}{section.3.4}% 18
\BOOKMARK [2][-]{subsection.3.4.4}{3.4.4 Manipolazine della base di Dati}{section.3.4}% 19
\BOOKMARK [2][-]{subsection.3.4.5}{3.4.5 Input e Output in Prolog}{section.3.4}% 20
\BOOKMARK [1][-]{section.3.5}{3.5 Interpreti in Prolog}{chapter.3}% 21
\BOOKMARK [2][-]{subsection.3.5.1}{3.5.1 Interprete degli automi a stati finiti}{section.3.5}% 22
\BOOKMARK [0][]{chapter.4}{4 Lisp:Programmazione Funzionale}{}% 23
